Arguments: 
  /home/lennart/.config/nvm/versions/node/v16.13.2/bin/node /home/lennart/.config/nvm/versions/node/v16.13.2/bin/yarn install

PATH: 
  /home/lennart/.config/nvm/versions/node/v16.13.2/bin:/home/lennart/.deno/bin:/home/lennart/bin:/usr/local/bin:/home/lennart/.local/bin:/usr/local/sbin:/usr/local/bin:/usr/sbin:/usr/bin:/sbin:/bin:/usr/games:/usr/local/games:/snap/bin

Yarn version: 
  1.22.17

Node version: 
  16.13.2

Platform: 
  linux x64

Trace: 
  SyntaxError: /home/lennart/lawbrador/packages/fe/package.json: Unexpected token } in JSON at position 382
      at JSON.parse (<anonymous>)
      at /home/lennart/.config/nvm/versions/node/v16.13.2/lib/node_modules/yarn/lib/cli.js:1625:59
      at Generator.next (<anonymous>)
      at step (/home/lennart/.config/nvm/versions/node/v16.13.2/lib/node_modules/yarn/lib/cli.js:310:30)
      at /home/lennart/.config/nvm/versions/node/v16.13.2/lib/node_modules/yarn/lib/cli.js:321:13

npm manifest: 
  {
  	"name": "@lawbrador/fe",
  	"version": "0.0.1",
  	"license": "AGPL-3.0-only",
  	"scripts": {
  		"dev": "echo starting && svelte-kit dev",
  		"debug": "svelte-kit dev",
  		"build": "svelte-kit build",
  		"preview": "svelte-kit preview",
  		"start": "node dist/index.js",
  		"test:build": "svelte-check --ignore node_modules",
  		"check:watch": "svelte-check --ignore node_modules --watch",
  	},
  	"type": "module",
  	"dependencies": {
  		"@lawbrador/shared": "^1.0.0",
  		"@sveltejs/kit": "1.0.0-next.239",
  		"@ungap/structured-clone": "^0.3.4",
  		"async-mutex": "^0.3.2",
  		"axios": "^0.24.0",
  		"pino-pretty": "^7.3.0"
  	},
  	"devDependencies": {
  		"@sveltejs/adapter-node": "1.0.0-next.68",
  		"ajv": "^8.8.2",
  		"ajv-formats": "^2.1.1",
  		"smui-theme": "^6.0.0-beta.9",
  		"svelte": "^3.44.3",
  		"svelte-check": "^2.4.3",
  		"svelte-preprocess": "^4.10.1",
  		"vite": "^2.7.10"
  	}
  }

yarn manifest: 
  No manifest

Lockfile: 
  No lockfile
