Arguments: 
  /home/lennart/.config/nvm/versions/node/v16.13.2/bin/node /home/lennart/.config/nvm/versions/node/v16.13.2/bin/yarn install

PATH: 
  /home/lennart/.config/nvm/versions/node/v16.13.2/bin:/home/lennart/.deno/bin:/home/lennart/bin:/usr/local/bin:/home/lennart/.local/bin:/home/lennart/.config/nvm/versions/node/v16.13.2/bin:/home/lennart/.deno/bin:/home/lennart/bin:/usr/local/bin:/home/lennart/.local/bin:/usr/local/sbin:/usr/local/bin:/usr/sbin:/usr/bin:/sbin:/bin:/usr/games:/usr/local/games:/snap/bin

Yarn version: 
  1.22.17

Node version: 
  16.13.2

Platform: 
  linux x64

Trace: 
  SyntaxError: /home/lennart/lawbrador/packages/prettier/package.json: Unexpected token : in JSON at position 147
      at JSON.parse (<anonymous>)
      at /home/lennart/.config/nvm/versions/node/v16.13.2/lib/node_modules/yarn/lib/cli.js:1625:59
      at Generator.next (<anonymous>)
      at step (/home/lennart/.config/nvm/versions/node/v16.13.2/lib/node_modules/yarn/lib/cli.js:310:30)
      at /home/lennart/.config/nvm/versions/node/v16.13.2/lib/node_modules/yarn/lib/cli.js:321:13

npm manifest: 
  {
    "name": "@lawbrador/prettier",
    "version": "1.0.0",
    "main": "index.js",
    "license": "MIT",
    "devDependencies": [
  	"prettier-plugin-svelte": "^2.6.0",
      	"prettier": "^2.4.1"
    ]
  }

yarn manifest: 
  No manifest

Lockfile: 
  No lockfile
